<?xml version="1.0" encoding="UTF-8"?>
<!-- Generated by org.testng.reporters.JUnitReportReporter -->
<testsuite hostname="DESKTOP-HIMQNA1" failures="0" tests="1" name="com.selenium.basic.CloseAllWindows" time="5.797" errors="0" timestamp="2021-12-29T11:48:40 IST" skipped="0">
  <testcase classname="com.selenium.basic.CloseAllWindows" name="closeAllWindowsExceptMain" time="5.797"/>
  <system-out/>
</testsuite> <!-- com.selenium.basic.CloseAllWindows -->
