<?xml version="1.0" encoding="UTF-8"?>
<!-- Generated by org.testng.reporters.JUnitReportReporter -->
<testsuite hostname="DESKTOP-HIMQNA1" failures="0" tests="1" name="com.practice.framework.ExtractDynamicElementInTable" time="5.386" errors="0" timestamp="2021-08-17T12:15:40 IST" skipped="0">
  <testcase classname="com.practice.framework.ExtractDynamicElementInTable" name="extract" time="5.386"/>
  <system-out/>
</testsuite> <!-- com.practice.framework.ExtractDynamicElementInTable -->
