<?xml version="1.0" encoding="UTF-8"?>
<!-- Generated by org.testng.reporters.JUnitReportReporter -->
<testsuite hostname="DESKTOP-HIMQNA1" failures="0" tests="1" name="com.selenium.basic.JavaScriptExecutor" time="7.588" errors="0" timestamp="2021-10-03T20:54:23 IST" skipped="0">
  <testcase classname="com.selenium.basic.JavaScriptExecutor" name="Login" time="7.588"/>
  <system-out/>
</testsuite> <!-- com.selenium.basic.JavaScriptExecutor -->
