<?xml version="1.0" encoding="UTF-8"?>
<!-- Generated by org.testng.reporters.JUnitReportReporter -->
<testsuite hostname="DESKTOP-HIMQNA1" failures="0" tests="2" name="com.selenium.basic.DataProvider1" time="0.011" errors="0" timestamp="2022-01-19T19:15:50 IST" skipped="0">
  <testcase classname="com.selenium.basic.DataProvider1" name="login" time="0.002"/>
  <system-out/>
  <testcase classname="com.selenium.basic.DataProvider1" name="login" time="0.009"/>
  <system-out/>
</testsuite> <!-- com.selenium.basic.DataProvider1 -->
