<?xml version="1.0" encoding="UTF-8"?>
<!-- Generated by org.testng.reporters.JUnitReportReporter -->
<testsuite hostname="DESKTOP-HIMQNA1" failures="0" tests="1" name="com.practice.framework.login" time="4.099" errors="0" timestamp="2021-12-29T11:25:47 IST" skipped="0">
  <testcase classname="com.practice.framework.login" name="login" time="4.099"/>
  <system-out/>
</testsuite> <!-- com.practice.framework.login -->
