<?xml version="1.0" encoding="UTF-8"?>
<!-- Generated by org.testng.reporters.JUnitReportReporter -->
<testsuite hostname="DESKTOP-HIMQNA1" failures="0" tests="2" name="com.practice.framework.DataProvider1" time="0.006" errors="0" timestamp="2021-08-18T22:15:15 IST" skipped="0">
  <testcase classname="com.practice.framework.DataProvider1" name="Name" time="0.000"/>
  <system-out/>
  <testcase classname="com.practice.framework.DataProvider1" name="Name" time="0.006"/>
  <system-out/>
</testsuite> <!-- com.practice.framework.DataProvider1 -->
